/home/msivanes/miniconda3/envs/fsdl/lib/python3.7/site-packages/jupyter_server/transutils.py:13: FutureWarning: The alias `_()` will be deprecated. Use `_i18n()` instead.
  warnings.warn(warn_msg, FutureWarning)
[I 2021-05-13 11:29:25.892 ServerApp] jupyterlab | extension was successfully linked.
[W 2021-05-13 11:29:26.166 ServerApp] The module 'jupyter_nbextensions_configurator' could not be found. Are you sure the extension is installed?
[I 2021-05-13 11:29:26.167 ServerApp] nbclassic | extension was successfully linked.
[I 2021-05-13 11:29:26.184 ServerApp] The port 8888 is already in use, trying another port.
[I 2021-05-13 11:29:26.186 LabApp] JupyterLab extension loaded from /home/msivanes/miniconda3/envs/fsdl/lib/python3.7/site-packages/jupyterlab
[I 2021-05-13 11:29:26.186 LabApp] JupyterLab application directory is /home/msivanes/miniconda3/envs/fsdl/share/jupyter/lab
[I 2021-05-13 11:29:26.189 ServerApp] jupyterlab | extension was successfully loaded.
[I 2021-05-13 11:29:26.194 ServerApp] nbclassic | extension was successfully loaded.
[I 2021-05-13 11:29:26.194 ServerApp] Serving notebooks from local directory: /home/msivanes/0Projects/fsdl/data/imagenette
[I 2021-05-13 11:29:26.194 ServerApp] Jupyter Server 1.5.1 is running at:
[I 2021-05-13 11:29:26.194 ServerApp] http://localhost:8889/lab?token=8948dd9e6dff0ad5c0a0efb1da6ffdbeb68de53ef157c224
[I 2021-05-13 11:29:26.194 ServerApp]  or http://127.0.0.1:8889/lab?token=8948dd9e6dff0ad5c0a0efb1da6ffdbeb68de53ef157c224
[I 2021-05-13 11:29:26.194 ServerApp] Use Control-C to stop this server and shut down all kernels (twice to skip confirmation).
[C 2021-05-13 11:29:26.235 ServerApp] 
    
    To access the server, open this file in a browser:
        file:///home/msivanes/.local/share/jupyter/runtime/jpserver-3534224-open.html
    Or copy and paste one of these URLs:
        http://localhost:8889/lab?token=8948dd9e6dff0ad5c0a0efb1da6ffdbeb68de53ef157c224
     or http://127.0.0.1:8889/lab?token=8948dd9e6dff0ad5c0a0efb1da6ffdbeb68de53ef157c224
[I 2021-05-13 11:29:32.303 LabApp] Build is up to date
[W 2021-05-13 11:29:32.906 ServerApp] 404 GET /api/contents/01_label-data.ipynb?content=0&1620919772748 (::1): No such file or directory: 01_label-data.ipynb
[W 2021-05-13 11:29:32.906 ServerApp] No such file or directory: 01_label-data.ipynb
[W 2021-05-13 11:29:32.906 ServerApp] 404 GET /api/contents/01_label-data.ipynb?content=0&1620919772748 (::1) 2.92ms referer=http://localhost:8889/lab
[I 2021-05-13 11:29:36.132 ServerApp] Creating new notebook in 
[I 2021-05-13 11:29:36.518 ServerApp] Kernel started: af9942d9-7b50-4b85-990a-2bc282761304
[W 2021-05-13 11:29:40.675 ServerApp] Got events for closed stream None
[I 2021-05-13 11:29:51.613 ServerApp] Starting buffering for af9942d9-7b50-4b85-990a-2bc282761304:f795c311-d804-4538-b968-fadb4cd71496
